#! /opt/local/bin/vvp
:ivl_version "11.0 (stable)" "(v11_0)";
:ivl_delay_selection "TYPICAL";
:vpi_time_precision - 12;
:vpi_module "/opt/local/lib/ivl/system.vpi";
:vpi_module "/opt/local/lib/ivl/vhdl_sys.vpi";
:vpi_module "/opt/local/lib/ivl/vhdl_textio.vpi";
:vpi_module "/opt/local/lib/ivl/v2005_math.vpi";
:vpi_module "/opt/local/lib/ivl/va_math.vpi";
S_0x7fc87e0050e0 .scope module, "alu" "alu" 2 28;
 .timescale -9 -12;
    .port_info 0 /INPUT 32 "a";
    .port_info 1 /INPUT 32 "b";
    .port_info 2 /OUTPUT 32 "hi";
    .port_info 3 /OUTPUT 32 "lo";
    .port_info 4 /INPUT 4 "inst";
    .port_info 5 /OUTPUT 32 "o";
    .port_info 6 /OUTPUT 1 "cout";
    .port_info 7 /OUTPUT 1 "alu_go_ahead";
    .port_info 8 /OUTPUT 1 "overflow";
o0x7fc880018098 .functor BUFZ 32, C4<zzzzzzzzzzzzzzzzzzzzzzzzzzzzzzzz>; HiZ drive
L_0x7fc87e024990 .functor NOT 32, o0x7fc880018098, C4<00000000000000000000000000000000>, C4<00000000000000000000000000000000>, C4<00000000000000000000000000000000>;
o0x7fc880018368 .functor BUFZ 32, C4<zzzzzzzzzzzzzzzzzzzzzzzzzzzzzzzz>; HiZ drive
L_0x7fc87e024a00 .functor NOT 32, o0x7fc880018368, C4<00000000000000000000000000000000>, C4<00000000000000000000000000000000>, C4<00000000000000000000000000000000>;
L_0x7fc87e024cd0 .functor OR 1, L_0x7fc87e024a70, L_0x7fc87e024b90, C4<0>, C4<0>;
v0x7fc87e023750_0 .net *"_ivl_10", 0 0, L_0x7fc87e024b90;  1 drivers
v0x7fc87e023800_0 .net *"_ivl_13", 0 0, L_0x7fc87e024cd0;  1 drivers
L_0x7fc880050050 .functor BUFT 1, C4<0010>, C4<0>, C4<0>, C4<0>;
v0x7fc87e0238a0_0 .net/2u *"_ivl_4", 3 0, L_0x7fc880050050;  1 drivers
v0x7fc87e023940_0 .net *"_ivl_6", 0 0, L_0x7fc87e024a70;  1 drivers
L_0x7fc880050098 .functor BUFT 1, C4<0011>, C4<0>, C4<0>, C4<0>;
v0x7fc87e0239e0_0 .net/2u *"_ivl_8", 3 0, L_0x7fc880050098;  1 drivers
v0x7fc87e023ad0_0 .net "a", 31 0, o0x7fc880018098;  0 drivers
v0x7fc87e023b70_0 .net "aa", 31 0, L_0x7fc87e024990;  1 drivers
o0x7fc880018338 .functor BUFZ 1, C4<z>; HiZ drive
v0x7fc87e023c10_0 .net "alu_go_ahead", 0 0, o0x7fc880018338;  0 drivers
v0x7fc87e023cb0_0 .net "b", 31 0, o0x7fc880018368;  0 drivers
v0x7fc87e023de0_0 .net "bb", 31 0, L_0x7fc87e024a00;  1 drivers
v0x7fc87e023e90_0 .var "cin", 0 0;
o0x7fc8800183c8 .functor BUFZ 1, C4<z>; HiZ drive
v0x7fc87e023f40_0 .net "cout", 0 0, o0x7fc8800183c8;  0 drivers
v0x7fc87e023fd0_0 .net "d2", 31 0, L_0x7fc87e024dc0;  1 drivers
v0x7fc87e024060_0 .var "hi", 31 0;
o0x7fc880018428 .functor BUFZ 4, C4<zzzz>; HiZ drive
v0x7fc87e0240f0_0 .net "inst", 3 0, o0x7fc880018428;  0 drivers
v0x7fc87e0241a0_0 .var "lo", 31 0;
v0x7fc87e024250_0 .var "o", 31 0;
v0x7fc87e024400_0 .net "om", 31 0, L_0x7fc87e024810;  1 drivers
v0x7fc87e0244c0_0 .var "overflow", 0 0;
E_0x7fc87e010230/0 .event edge, v0x7fc87e0240f0_0, v0x7fc87e023660_0, v0x7fc87e023420_0, v0x7fc87e023cb0_0;
E_0x7fc87e010230/1 .event edge, v0x7fc87e024250_0, v0x7fc87e023b70_0, v0x7fc87e023de0_0;
E_0x7fc87e010230 .event/or E_0x7fc87e010230/0, E_0x7fc87e010230/1;
L_0x7fc87e024a70 .cmp/eq 4, o0x7fc880018428, L_0x7fc880050050;
L_0x7fc87e024b90 .cmp/eq 4, o0x7fc880018428, L_0x7fc880050098;
L_0x7fc87e024dc0 .functor MUXZ 32, o0x7fc880018368, L_0x7fc87e024a00, L_0x7fc87e024cd0, C4<>;
S_0x7fc87e005250 .scope module, "ADD" "adder" 2 44, 2 22 0, S_0x7fc87e0050e0;
 .timescale -9 -12;
    .port_info 0 /INPUT 32 "a";
    .port_info 1 /INPUT 32 "b";
    .port_info 2 /INPUT 1 "cin";
    .port_info 3 /OUTPUT 32 "op";
v0x7fc87e004ce0_0 .net *"_ivl_0", 31 0, L_0x7fc87e0245b0;  1 drivers
v0x7fc87e0232b0_0 .net *"_ivl_2", 31 0, L_0x7fc87e0246f0;  1 drivers
L_0x7fc880050008 .functor BUFT 1, C4<0000000000000000000000000000000>, C4<0>, C4<0>, C4<0>;
v0x7fc87e023360_0 .net *"_ivl_5", 30 0, L_0x7fc880050008;  1 drivers
v0x7fc87e023420_0 .net "a", 31 0, o0x7fc880018098;  alias, 0 drivers
v0x7fc87e0234d0_0 .net "b", 31 0, L_0x7fc87e024dc0;  alias, 1 drivers
v0x7fc87e0235c0_0 .net "cin", 0 0, v0x7fc87e023e90_0;  1 drivers
v0x7fc87e023660_0 .net "op", 31 0, L_0x7fc87e024810;  alias, 1 drivers
L_0x7fc87e0245b0 .arith/sum 32, o0x7fc880018098, L_0x7fc87e024dc0;
L_0x7fc87e0246f0 .concat [ 1 31 0 0], v0x7fc87e023e90_0, L_0x7fc880050008;
L_0x7fc87e024810 .arith/sum 32, L_0x7fc87e0245b0, L_0x7fc87e0246f0;
    .scope S_0x7fc87e0050e0;
T_0 ;
    %wait E_0x7fc87e010230;
    %load/vec4 v0x7fc87e0240f0_0;
    %dup/vec4;
    %pushi/vec4 0, 0, 4;
    %cmp/u;
    %jmp/1 T_0.0, 6;
    %dup/vec4;
    %pushi/vec4 1, 0, 4;
    %cmp/u;
    %jmp/1 T_0.1, 6;
    %dup/vec4;
    %pushi/vec4 2, 0, 4;
    %cmp/u;
    %jmp/1 T_0.2, 6;
    %dup/vec4;
    %pushi/vec4 3, 0, 4;
    %cmp/u;
    %jmp/1 T_0.3, 6;
    %dup/vec4;
    %pushi/vec4 4, 0, 4;
    %cmp/u;
    %jmp/1 T_0.4, 6;
    %dup/vec4;
    %pushi/vec4 5, 0, 4;
    %cmp/u;
    %jmp/1 T_0.5, 6;
    %dup/vec4;
    %pushi/vec4 6, 0, 4;
    %cmp/u;
    %jmp/1 T_0.6, 6;
    %dup/vec4;
    %pushi/vec4 7, 0, 4;
    %cmp/u;
    %jmp/1 T_0.7, 6;
    %dup/vec4;
    %pushi/vec4 8, 0, 4;
    %cmp/u;
    %jmp/1 T_0.8, 6;
    %dup/vec4;
    %pushi/vec4 9, 0, 4;
    %cmp/u;
    %jmp/1 T_0.9, 6;
    %dup/vec4;
    %pushi/vec4 10, 0, 4;
    %cmp/u;
    %jmp/1 T_0.10, 6;
    %jmp T_0.11;
T_0.0 ;
    %load/vec4 v0x7fc87e024400_0;
    %store/vec4 v0x7fc87e024250_0, 0, 32;
    %pushi/vec4 0, 0, 1;
    %store/vec4 v0x7fc87e0244c0_0, 0, 1;
    %jmp T_0.11;
T_0.1 ;
    %load/vec4 v0x7fc87e024400_0;
    %store/vec4 v0x7fc87e024250_0, 0, 32;
    %load/vec4 v0x7fc87e023ad0_0;
    %parti/s 1, 31, 6;
    %load/vec4 v0x7fc87e023cb0_0;
    %parti/s 1, 31, 6;
    %xor;
    %inv;
    %load/vec4 v0x7fc87e023cb0_0;
    %parti/s 1, 31, 6;
    %load/vec4 v0x7fc87e024250_0;
    %parti/s 1, 31, 6;
    %xor;
    %and;
    %store/vec4 v0x7fc87e0244c0_0, 0, 1;
    %jmp T_0.11;
T_0.2 ;
    %pushi/vec4 1, 0, 1;
    %store/vec4 v0x7fc87e023e90_0, 0, 1;
    %jmp T_0.11;
T_0.3 ;
    %pushi/vec4 1, 0, 1;
    %store/vec4 v0x7fc87e023e90_0, 0, 1;
    %jmp T_0.11;
T_0.4 ;
    %load/vec4 v0x7fc87e023b70_0;
    %load/vec4 v0x7fc87e023de0_0;
    %or;
    %store/vec4 v0x7fc87e024250_0, 0, 32;
    %jmp T_0.11;
T_0.5 ;
    %load/vec4 v0x7fc87e023b70_0;
    %load/vec4 v0x7fc87e023de0_0;
    %and;
    %store/vec4 v0x7fc87e024250_0, 0, 32;
    %jmp T_0.11;
T_0.6 ;
    %load/vec4 v0x7fc87e023ad0_0;
    %pad/u 64;
    %load/vec4 v0x7fc87e023cb0_0;
    %pad/u 64;
    %mul;
    %split/vec4 32;
    %store/vec4 v0x7fc87e0241a0_0, 0, 32;
    %store/vec4 v0x7fc87e024060_0, 0, 32;
    %pushi/vec4 0, 0, 32;
    %store/vec4 v0x7fc87e024250_0, 0, 32;
    %jmp T_0.11;
T_0.7 ;
    %load/vec4 v0x7fc87e023ad0_0;
    %ix/getv 4, v0x7fc87e023cb0_0;
    %shiftl 4;
    %store/vec4 v0x7fc87e024250_0, 0, 32;
    %jmp T_0.11;
T_0.8 ;
    %load/vec4 v0x7fc87e023ad0_0;
    %ix/getv 4, v0x7fc87e023cb0_0;
    %shiftr 4;
    %store/vec4 v0x7fc87e024250_0, 0, 32;
    %jmp T_0.11;
T_0.9 ;
    %load/vec4 v0x7fc87e023ad0_0;
    %ix/getv 4, v0x7fc87e023cb0_0;
    %shiftl 4;
    %store/vec4 v0x7fc87e024250_0, 0, 32;
    %jmp T_0.11;
T_0.10 ;
    %load/vec4 v0x7fc87e023ad0_0;
    %ix/getv 4, v0x7fc87e023cb0_0;
    %shiftr/s 4;
    %store/vec4 v0x7fc87e024250_0, 0, 32;
    %jmp T_0.11;
T_0.11 ;
    %pop/vec4 1;
    %jmp T_0;
    .thread T_0, $push;
# The file index is used to find the file name in the following table.
:file_names 3;
    "N/A";
    "<interactive>";
    "alu.v";
